<?xml version="1.0" encoding="UTF-8"?>
<coverage generated="1591071729">
  <project timestamp="1591071729">
    <package name="Workaholic\IpnIntegrator\Controllers">
      <file name="C:\Users\Gloo-SE-5\Desktop\my projects\test_package\packages\workaholic\ipnIntegrator\src\Http\Controllers\Controller.php">
        <class name="Workaholic\IpnIntegrator\Controllers\Controller" namespace="Workaholic\IpnIntegrator\Controllers">
          <metrics complexity="0" methods="0" coveredmethods="0" conditionals="0" coveredconditionals="0" statements="0" coveredstatements="0" elements="0" coveredelements="0"/>
        </class>
        <line num="10" type="stmt" count="0"/>
        <line num="12" type="stmt" count="0"/>
        <line num="14" type="stmt" count="0"/>
        <metrics loc="13" ncloc="13" classes="0" methods="0" coveredmethods="0" conditionals="0" coveredconditionals="0" statements="2" coveredstatements="0" elements="2" coveredelements="0"/>
      </file>
      <file name="C:\Users\Gloo-SE-5\Desktop\my projects\test_package\packages\workaholic\ipnIntegrator\src\Http\Controllers\IpnController.php">
        <class name="Workaholic\IpnIntegrator\Controllers\IpnController" namespace="Workaholic\IpnIntegrator\Controllers">
          <metrics complexity="1" methods="1" coveredmethods="1" conditionals="0" coveredconditionals="0" statements="1" coveredstatements="1" elements="2" coveredelements="2"/>
        </class>
        <line num="5" type="stmt" count="0"/>
        <line num="7" type="method" name="handleIntegrations" visibility="public" complexity="1" crap="1" count="1"/>
        <line num="9" type="stmt" count="1"/>
        <line num="12" type="stmt" count="0"/>
        <metrics loc="11" ncloc="11" classes="1" methods="1" coveredmethods="1" conditionals="0" coveredconditionals="0" statements="2" coveredstatements="1" elements="3" coveredelements="2"/>
      </file>
    </package>
    <package name="Workaholic\IpnIntegrator\Providers">
      <file name="C:\Users\Gloo-SE-5\Desktop\my projects\test_package\packages\workaholic\ipnIntegrator\src\Providers\IpnServiceProvider.php">
        <class name="Workaholic\IpnIntegrator\Providers\IpnServiceProvider" namespace="Workaholic\IpnIntegrator\Providers">
          <metrics complexity="2" methods="2" coveredmethods="2" conditionals="0" coveredconditionals="0" statements="3" coveredstatements="3" elements="5" coveredelements="5"/>
        </class>
        <line num="7" type="stmt" count="0"/>
        <line num="11" type="method" name="boot" visibility="public" complexity="1" crap="1" count="1"/>
        <line num="13" type="stmt" count="1"/>
        <line num="14" type="stmt" count="1"/>
        <line num="16" type="method" name="register" visibility="public" complexity="1" crap="1" count="1"/>
        <line num="18" type="stmt" count="1"/>
        <line num="20" type="stmt" count="0"/>
        <metrics loc="19" ncloc="19" classes="1" methods="2" coveredmethods="2" conditionals="0" coveredconditionals="0" statements="4" coveredstatements="3" elements="6" coveredelements="5"/>
      </file>
    </package>
    <metrics files="3" loc="43" ncloc="43" classes="2" methods="3" coveredmethods="3" conditionals="0" coveredconditionals="0" statements="8" coveredstatements="4" elements="11" coveredelements="7"/>
  </project>
</coverage>
